<?xml version="1.0" encoding="UTF-8"?>
<coverage generated="1673270470894" clover="3.2.0">
  <project timestamp="1673270470895" name="All files">
    <metrics statements="66" coveredstatements="57" conditionals="6" coveredconditionals="6" methods="7" coveredmethods="5" elements="79" coveredelements="68" complexity="0" loc="66" ncloc="66" packages="6" files="6" classes="6"/>
    <package name="URL-shortener">
      <metrics statements="12" coveredstatements="12" conditionals="0" coveredconditionals="0" methods="1" coveredmethods="1"/>
      <file name="index.ts" path="/home/william/Workspace/URL-shortener/index.ts">
        <metrics statements="12" coveredstatements="12" conditionals="0" coveredconditionals="0" methods="1" coveredmethods="1"/>
        <line num="1" count="1" type="stmt"/>
        <line num="2" count="1" type="stmt"/>
        <line num="3" count="1" type="stmt"/>
        <line num="6" count="1" type="stmt"/>
        <line num="8" count="1" type="stmt"/>
        <line num="9" count="1" type="stmt"/>
        <line num="11" count="1" type="stmt"/>
        <line num="12" count="1" type="stmt"/>
        <line num="14" count="1" type="stmt"/>
        <line num="16" count="1" type="stmt"/>
        <line num="17" count="1" type="stmt"/>
        <line num="20" count="1" type="stmt"/>
      </file>
    </package>
    <package name="URL-shortener.prisma">
      <metrics statements="3" coveredstatements="3" conditionals="0" coveredconditionals="0" methods="0" coveredmethods="0"/>
      <file name="client.ts" path="/home/william/Workspace/URL-shortener/prisma/client.ts">
        <metrics statements="3" coveredstatements="3" conditionals="0" coveredconditionals="0" methods="0" coveredmethods="0"/>
        <line num="1" count="1" type="stmt"/>
        <line num="3" count="1" type="stmt"/>
        <line num="5" count="1" type="stmt"/>
      </file>
    </package>
    <package name="URL-shortener.src.controllers">
      <metrics statements="29" coveredstatements="29" conditionals="6" coveredconditionals="6" methods="2" coveredmethods="2"/>
      <file name="urlController.ts" path="/home/william/Workspace/URL-shortener/src/controllers/urlController.ts">
        <metrics statements="29" coveredstatements="29" conditionals="6" coveredconditionals="6" methods="2" coveredmethods="2"/>
        <line num="2" count="1" type="stmt"/>
        <line num="3" count="1" type="stmt"/>
        <line num="4" count="1" type="stmt"/>
        <line num="8" count="4" type="stmt"/>
        <line num="9" count="4" type="stmt"/>
        <line num="10" count="4" type="stmt"/>
        <line num="12" count="4" type="cond" truecount="2" falsecount="0"/>
        <line num="13" count="3" type="stmt"/>
        <line num="14" count="3" type="stmt"/>
        <line num="16" count="2" type="cond" truecount="2" falsecount="0"/>
        <line num="17" count="1" type="stmt"/>
        <line num="19" count="1" type="stmt"/>
        <line num="20" count="1" type="stmt"/>
        <line num="22" count="1" type="stmt"/>
        <line num="24" count="1" type="stmt"/>
        <line num="27" count="1" type="stmt"/>
        <line num="28" count="1" type="stmt"/>
        <line num="31" count="1" type="stmt"/>
        <line num="36" count="4" type="stmt"/>
        <line num="37" count="4" type="stmt"/>
        <line num="38" count="4" type="stmt"/>
        <line num="40" count="3" type="cond" truecount="2" falsecount="0"/>
        <line num="41" count="2" type="stmt"/>
        <line num="43" count="2" type="stmt"/>
        <line num="45" count="1" type="stmt"/>
        <line num="47" count="1" type="stmt"/>
        <line num="50" count="1" type="stmt"/>
        <line num="51" count="1" type="stmt"/>
        <line num="56" count="1" type="stmt"/>
      </file>
    </package>
    <package name="URL-shortener.src.routers">
      <metrics statements="5" coveredstatements="5" conditionals="0" coveredconditionals="0" methods="0" coveredmethods="0"/>
      <file name="urlRouter.ts" path="/home/william/Workspace/URL-shortener/src/routers/urlRouter.ts">
        <metrics statements="5" coveredstatements="5" conditionals="0" coveredconditionals="0" methods="0" coveredmethods="0"/>
        <line num="1" count="1" type="stmt"/>
        <line num="2" count="1" type="stmt"/>
        <line num="4" count="1" type="stmt"/>
        <line num="6" count="1" type="stmt"/>
        <line num="7" count="1" type="stmt"/>
      </file>
    </package>
    <package name="URL-shortener.src.services">
      <metrics statements="14" coveredstatements="5" conditionals="0" coveredconditionals="0" methods="3" coveredmethods="1"/>
      <file name="urlService.ts" path="/home/william/Workspace/URL-shortener/src/services/urlService.ts">
        <metrics statements="14" coveredstatements="5" conditionals="0" coveredconditionals="0" methods="3" coveredmethods="1"/>
        <line num="1" count="1" type="stmt"/>
        <line num="5" count="0" type="stmt"/>
        <line num="6" count="0" type="stmt"/>
        <line num="11" count="0" type="stmt"/>
        <line num="13" count="0" type="stmt"/>
        <line num="18" count="0" type="stmt"/>
        <line num="19" count="0" type="stmt"/>
        <line num="27" count="0" type="stmt"/>
        <line num="29" count="0" type="stmt"/>
        <line num="34" count="1" type="stmt"/>
        <line num="35" count="1" type="stmt"/>
        <line num="45" count="0" type="stmt"/>
        <line num="47" count="1" type="stmt"/>
        <line num="52" count="1" type="stmt"/>
      </file>
    </package>
    <package name="URL-shortener.src.utils">
      <metrics statements="3" coveredstatements="3" conditionals="0" coveredconditionals="0" methods="1" coveredmethods="1"/>
      <file name="urlValidation.ts" path="/home/william/Workspace/URL-shortener/src/utils/urlValidation.ts">
        <metrics statements="3" coveredstatements="3" conditionals="0" coveredconditionals="0" methods="1" coveredmethods="1"/>
        <line num="1" count="1" type="stmt"/>
        <line num="2" count="4" type="stmt"/>
        <line num="11" count="4" type="stmt"/>
      </file>
    </package>
  </project>
</coverage>
