{"/home/william/Workspace/URL-shortener/index.ts": {"path":"/home/william/Workspace/URL-shortener/index.ts","statementMap":{"0":{"start":{"line":1,"column":0},"end":{"line":1,"column":30}},"1":{"start":{"line":2,"column":0},"end":{"line":2,"column":28}},"2":{"start":{"line":3,"column":0},"end":{"line":3,"column":52}},"3":{"start":{"line":6,"column":0},"end":{"line":6,"column":16}},"4":{"start":{"line":8,"column":12},"end":{"line":8,"column":21}},"5":{"start":{"line":9,"column":13},"end":{"line":9,"column":17}},"6":{"start":{"line":11,"column":0},"end":{"line":11,"column":48}},"7":{"start":{"line":12,"column":0},"end":{"line":12,"column":24}},"8":{"start":{"line":14,"column":0},"end":{"line":14,"column":27}},"9":{"start":{"line":16,"column":0},"end":{"line":18,"column":3}},"10":{"start":{"line":17,"column":2},"end":{"line":17,"column":48}},"11":{"start":{"line":20,"column":0},"end":{"line":20,"column":19}}},"fnMap":{"0":{"name":"(anonymous_1)","decl":{"start":{"line":16,"column":17},"end":{"line":16,"column":20}},"loc":{"start":{"line":16,"column":22},"end":{"line":18,"column":1}}}},"branchMap":{},"s":{"0":1,"1":1,"2":1,"3":1,"4":1,"5":1,"6":1,"7":1,"8":1,"9":1,"10":1,"11":1},"f":{"0":1},"b":{}}
,"/home/william/Workspace/URL-shortener/prisma/client.ts": {"path":"/home/william/Workspace/URL-shortener/prisma/client.ts","statementMap":{"0":{"start":{"line":1,"column":0},"end":{"line":1,"column":46}},"1":{"start":{"line":3,"column":13},"end":{"line":3,"column":31}},"2":{"start":{"line":5,"column":0},"end":{"line":5,"column":22}}},"fnMap":{},"branchMap":{},"s":{"0":1,"1":1,"2":1},"f":{},"b":{}}
,"/home/william/Workspace/URL-shortener/src/controllers/urlController.ts": {"path":"/home/william/Workspace/URL-shortener/src/controllers/urlController.ts","statementMap":{"0":{"start":{"line":2,"column":0},"end":{"line":2,"column":32}},"1":{"start":{"line":3,"column":0},"end":{"line":3,"column":48}},"2":{"start":{"line":4,"column":0},"end":{"line":4,"column":52}},"3":{"start":{"line":8,"column":24},"end":{"line":8,"column":32}},"4":{"start":{"line":9,"column":17},"end":{"line":9,"column":33}},"5":{"start":{"line":10,"column":18},"end":{"line":10,"column":26}},"6":{"start":{"line":12,"column":4},"end":{"line":32,"column":null}},"7":{"start":{"line":13,"column":6},"end":{"line":29,"column":null}},"8":{"start":{"line":14,"column":18},"end":{"line":14,"column":54}},"9":{"start":{"line":16,"column":8},"end":{"line":25,"column":null}},"10":{"start":{"line":17,"column":10},"end":{"line":17,"column":31}},"11":{"start":{"line":19,"column":27},"end":{"line":19,"column":49}},"12":{"start":{"line":20,"column":23},"end":{"line":20,"column":33}},"13":{"start":{"line":22,"column":10},"end":{"line":22,"column":72}},"14":{"start":{"line":24,"column":10},"end":{"line":24,"column":31}},"15":{"start":{"line":27,"column":8},"end":{"line":27,"column":27}},"16":{"start":{"line":28,"column":8},"end":{"line":28,"column":52}},"17":{"start":{"line":31,"column":6},"end":{"line":31,"column":58}},"18":{"start":{"line":36,"column":4},"end":{"line":52,"column":null}},"19":{"start":{"line":37,"column":24},"end":{"line":37,"column":34}},"20":{"start":{"line":38,"column":18},"end":{"line":38,"column":52}},"21":{"start":{"line":40,"column":6},"end":{"line":48,"column":null}},"22":{"start":{"line":41,"column":8},"end":{"line":41,"column":48}},"23":{"start":{"line":43,"column":8},"end":{"line":43,"column":41}},"24":{"start":{"line":45,"column":8},"end":{"line":45,"column":27}},"25":{"start":{"line":47,"column":8},"end":{"line":47,"column":53}},"26":{"start":{"line":50,"column":6},"end":{"line":50,"column":25}},"27":{"start":{"line":51,"column":6},"end":{"line":51,"column":50}},"28":{"start":{"line":56,"column":0},"end":{"line":56,"column":34}}},"fnMap":{"0":{"name":"(anonymous_8)","decl":{"start":{"line":7,"column":8},"end":{"line":7,"column":22}},"loc":{"start":{"line":7,"column":50},"end":{"line":33,"column":null}}},"1":{"name":"(anonymous_10)","decl":{"start":{"line":35,"column":8},"end":{"line":35,"column":21}},"loc":{"start":{"line":35,"column":49},"end":{"line":53,"column":null}}}},"branchMap":{"0":{"loc":{"start":{"line":12,"column":4},"end":{"line":32,"column":null}},"type":"if","locations":[{"start":{"line":12,"column":4},"end":{"line":32,"column":null}},{"start":{"line":30,"column":11},"end":{"line":32,"column":null}}]},"1":{"loc":{"start":{"line":16,"column":8},"end":{"line":25,"column":null}},"type":"if","locations":[{"start":{"line":16,"column":8},"end":{"line":25,"column":null}},{"start":{"line":18,"column":15},"end":{"line":25,"column":null}}]},"2":{"loc":{"start":{"line":40,"column":6},"end":{"line":48,"column":null}},"type":"if","locations":[{"start":{"line":40,"column":6},"end":{"line":48,"column":null}},{"start":{"line":44,"column":13},"end":{"line":48,"column":null}}]}},"s":{"0":1,"1":1,"2":1,"3":4,"4":4,"5":4,"6":4,"7":3,"8":3,"9":2,"10":1,"11":1,"12":1,"13":1,"14":1,"15":1,"16":1,"17":1,"18":4,"19":4,"20":4,"21":3,"22":2,"23":2,"24":1,"25":1,"26":1,"27":1,"28":1},"f":{"0":4,"1":4},"b":{"0":[3,1],"1":[1,1],"2":[2,1]}}
,"/home/william/Workspace/URL-shortener/src/routers/urlRouter.ts": {"path":"/home/william/Workspace/URL-shortener/src/routers/urlRouter.ts","statementMap":{"0":{"start":{"line":1,"column":0},"end":{"line":1,"column":33}},"1":{"start":{"line":2,"column":0},"end":{"line":2,"column":56}},"2":{"start":{"line":4,"column":13},"end":{"line":4,"column":34}},"3":{"start":{"line":6,"column":0},"end":{"line":6,"column":54}},"4":{"start":{"line":7,"column":0},"end":{"line":7,"column":53}}},"fnMap":{},"branchMap":{},"s":{"0":1,"1":1,"2":1,"3":1,"4":1},"f":{},"b":{}}
,"/home/william/Workspace/URL-shortener/src/services/urlService.ts": {"path":"/home/william/Workspace/URL-shortener/src/services/urlService.ts","statementMap":{"0":{"start":{"line":1,"column":0},"end":{"line":1,"column":41}},"1":{"start":{"line":5,"column":4},"end":{"line":14,"column":null}},"2":{"start":{"line":6,"column":18},"end":{"line":10,"column":8}},"3":{"start":{"line":11,"column":6},"end":{"line":11,"column":17}},"4":{"start":{"line":13,"column":6},"end":{"line":13,"column":25}},"5":{"start":{"line":18,"column":4},"end":{"line":30,"column":null}},"6":{"start":{"line":19,"column":21},"end":{"line":26,"column":8}},"7":{"start":{"line":27,"column":6},"end":{"line":27,"column":20}},"8":{"start":{"line":29,"column":6},"end":{"line":29,"column":25}},"9":{"start":{"line":34,"column":4},"end":{"line":48,"column":null}},"10":{"start":{"line":35,"column":25},"end":{"line":44,"column":8}},"11":{"start":{"line":45,"column":6},"end":{"line":45,"column":24}},"12":{"start":{"line":47,"column":6},"end":{"line":47,"column":25}},"13":{"start":{"line":52,"column":0},"end":{"line":52,"column":32}}},"fnMap":{"0":{"name":"(anonymous_8)","decl":{"start":{"line":4,"column":8},"end":{"line":4,"column":18}},"loc":{"start":{"line":4,"column":32},"end":{"line":15,"column":null}}},"1":{"name":"(anonymous_10)","decl":{"start":{"line":17,"column":8},"end":{"line":17,"column":14}},"loc":{"start":{"line":17,"column":75},"end":{"line":31,"column":null}}},"2":{"name":"(anonymous_12)","decl":{"start":{"line":33,"column":8},"end":{"line":33,"column":23}},"loc":{"start":{"line":33,"column":37},"end":{"line":49,"column":null}}}},"branchMap":{},"s":{"0":1,"1":0,"2":0,"3":0,"4":0,"5":0,"6":0,"7":0,"8":0,"9":1,"10":1,"11":0,"12":1,"13":1},"f":{"0":0,"1":0,"2":1},"b":{}}
,"/home/william/Workspace/URL-shortener/src/utils/urlValidation.ts": {"path":"/home/william/Workspace/URL-shortener/src/utils/urlValidation.ts","statementMap":{"0":{"start":{"line":2,"column":16},"end":{"line":9,"column":null}},"1":{"start":{"line":11,"column":2},"end":{"line":11,"column":29}},"2":{"start":{"line":1,"column":0},"end":{"line":1,"column":16}}},"fnMap":{"0":{"name":"isValidURL","decl":{"start":{"line":1,"column":16},"end":{"line":1,"column":26}},"loc":{"start":{"line":1,"column":38},"end":{"line":12,"column":1}}}},"branchMap":{},"s":{"0":4,"1":4,"2":1},"f":{"0":4},"b":{}}
}
