TN:
SF:index.ts
FN:16,(anonymous_1)
FNF:1
FNH:1
FNDA:1,(anonymous_1)
DA:1,1
DA:2,1
DA:3,1
DA:6,1
DA:8,1
DA:9,1
DA:11,1
DA:12,1
DA:14,1
DA:16,1
DA:17,1
DA:20,1
LF:12
LH:12
BRF:0
BRH:0
end_of_record
TN:
SF:prisma/client.ts
FNF:0
FNH:0
DA:1,1
DA:3,1
DA:5,1
LF:3
LH:3
BRF:0
BRH:0
end_of_record
TN:
SF:src/controllers/urlController.ts
FN:7,(anonymous_8)
FN:35,(anonymous_10)
FNF:2
FNH:2
FNDA:4,(anonymous_8)
FNDA:4,(anonymous_10)
DA:2,1
DA:3,1
DA:4,1
DA:8,4
DA:9,4
DA:10,4
DA:12,4
DA:13,3
DA:14,3
DA:16,2
DA:17,1
DA:19,1
DA:20,1
DA:22,1
DA:24,1
DA:27,1
DA:28,1
DA:31,1
DA:36,4
DA:37,4
DA:38,4
DA:40,3
DA:41,2
DA:43,2
DA:45,1
DA:47,1
DA:50,1
DA:51,1
DA:56,1
LF:29
LH:29
BRDA:12,0,0,3
BRDA:12,0,1,1
BRDA:16,1,0,1
BRDA:16,1,1,1
BRDA:40,2,0,2
BRDA:40,2,1,1
BRF:6
BRH:6
end_of_record
TN:
SF:src/routers/urlRouter.ts
FNF:0
FNH:0
DA:1,1
DA:2,1
DA:4,1
DA:6,1
DA:7,1
LF:5
LH:5
BRF:0
BRH:0
end_of_record
TN:
SF:src/services/urlService.ts
FN:4,(anonymous_8)
FN:17,(anonymous_10)
FN:33,(anonymous_12)
FNF:3
FNH:1
FNDA:0,(anonymous_8)
FNDA:0,(anonymous_10)
FNDA:1,(anonymous_12)
DA:1,1
DA:5,0
DA:6,0
DA:11,0
DA:13,0
DA:18,0
DA:19,0
DA:27,0
DA:29,0
DA:34,1
DA:35,1
DA:45,0
DA:47,1
DA:52,1
LF:14
LH:5
BRF:0
BRH:0
end_of_record
TN:
SF:src/utils/urlValidation.ts
FN:1,isValidURL
FNF:1
FNH:1
FNDA:4,isValidURL
DA:1,1
DA:2,4
DA:11,4
LF:3
LH:3
BRF:0
BRH:0
end_of_record
